<?xml version="1.0" encoding="UTF-8"?>
<!-- Generated by org.testng.reporters.JUnitReportReporter -->
<testsuite skipped="0" hostname="DESKTOP-F4V5IMJ" name="Academy.validationnavbar" tests="1" failures="0" timestamp="2020-02-22T12:08:28 IST" time="75.065" errors="0">
  <testcase name="basenavigation" time="75.065" classname="Academy.validationnavbar"/>
  <system-out/>
</testsuite> <!-- Academy.validationnavbar -->
