<?xml version="1.0" encoding="UTF-8"?>
<!-- Generated by org.testng.reporters.JUnitReportReporter -->
<testsuite skipped="0" hostname="DESKTOP-F4V5IMJ" name="Academy.Homepage" tests="2" failures="0" timestamp="2020-02-22T12:12:28 IST" time="88.110" errors="0">
  <testcase name="basenavigation" time="46.630" classname="Academy.Homepage"/>
  <system-out/>
  <testcase name="basenavigation" time="41.480" classname="Academy.Homepage"/>
  <system-out/>
</testsuite> <!-- Academy.Homepage -->
